Arguments: 
  /Users/hieupm/.nvm/versions/node/v14.19.1/bin/node /Users/hieupm/.nvm/versions/node/v14.19.1/bin/yarn add -D @types/marked

PATH: 
  /Users/hieupm/.nvm/versions/node/v14.19.1/bin:/opt/homebrew/opt/openjdk/bin:/opt/homebrew/opt/llvm@12/bin:/Users/hieupm/.cabal/bin:/Users/hieupm/.ghcup/bin:/usr/local/bin/:/Library/Frameworks/Python.framework/Versions/2.7/bin:/opt/homebrew/bin:/opt/homebrew/sbin:/usr/local/bin:/usr/bin:/bin:/usr/sbin:/sbin:/Users/hieupm/.nvm/versions/node/v14.19.1/bin:/opt/homebrew/opt/openjdk/bin:/opt/homebrew/opt/llvm@12/bin:/Users/hieupm/.cabal/bin:/Users/hieupm/.ghcup/bin:/usr/local/bin/:/Library/Frameworks/Python.framework/Versions/2.7/bin:/opt/homebrew/bin:/opt/homebrew/sbin

Yarn version: 
  1.22.18

Node version: 
  14.19.1

Platform: 
  darwin x64

Trace: 
  Error: ENOENT: no such file or directory, copyfile '/Users/hieupm/Library/Caches/Yarn/v6/npm-globals-13.16.0-9be4aca28f311aaeb974ea54978ebbb5e35ce46a-integrity/node_modules/globals/index.d.ts' -> '/Users/hieupm/dev/GLOBAL/hello_remix/node_modules/@eslint/eslintrc/node_modules/globals/index.d.ts'

npm manifest: 
  {
    "name": "global_website-d360",
    "private": true,
    "sideEffects": false,
    "scripts": {
      "build": "run-s build:*",
      "build:css": "npm run generate:css -- --minify",
      "build:remix": "remix build",
      "dev": "run-p dev:*",
      "dev:css": "npm run generate:css -- --watch",
      "dev:remix": "cross-env NODE_ENV=development binode --require ./mocks -- @remix-run/dev:remix dev",
      "format": "prettier --write .",
      "generate:css": "tailwindcss -o ./app/styles/tailwind.css",
      "lint": "eslint --cache --cache-location ./node_modules/.cache/eslint .",
      "setup": "prisma generate && prisma migrate deploy && prisma db seed",
      "start": "remix-serve build",
      "start:mocks": "binode --require ./mocks -- @remix-run/serve:remix-serve build",
      "test": "vitest",
      "test:e2e:dev": "start-server-and-test dev http://localhost:3000 \"npx cypress open\"",
      "pretest:e2e:run": "npm run build",
      "test:e2e:run": "cross-env PORT=8811 start-server-and-test start:mocks http://localhost:8811 \"npx cypress run\"",
      "typecheck": "tsc -b && tsc -b cypress",
      "validate": "run-p \"test -- --run\" lint typecheck test:e2e:run"
    },
    "prettier": {},
    "eslintIgnore": [
      "/node_modules",
      "/build",
      "/public/build"
    ],
    "dependencies": {
      "@prisma/client": "^4.0.0",
      "@remix-run/node": "^1.6.4",
      "@remix-run/react": "^1.6.4",
      "@remix-run/serve": "^1.6.4",
      "@remix-run/server-runtime": "^1.6.4",
      "bcryptjs": "^2.4.3",
      "marked": "^4.0.18",
      "react": "^17.0.2",
      "react-dom": "^17.0.2",
      "tiny-invariant": "^1.2.0"
    },
    "devDependencies": {
      "@faker-js/faker": "^6.3.1",
      "@remix-run/dev": "^1.6.4",
      "@remix-run/eslint-config": "^1.6.4",
      "@testing-library/cypress": "^8.0.3",
      "@testing-library/dom": "^8.13.0",
      "@testing-library/jest-dom": "^5.16.4",
      "@testing-library/react": "^12.1.5",
      "@testing-library/user-event": "^14.2.0",
      "@types/bcryptjs": "^2.4.2",
      "@types/eslint": "^8.4.3",
      "@types/node": "^17.0.41",
      "@types/react": "^17.0.45",
      "@types/react-dom": "^17.0.17",
      "@vitejs/plugin-react": "^1.3.2",
      "autoprefixer": "^10.4.7",
      "binode": "^1.0.5",
      "c8": "^7.11.3",
      "cross-env": "^7.0.3",
      "cypress": "^10.0.3",
      "eslint": "^8.17.0",
      "eslint-config-prettier": "^8.5.0",
      "happy-dom": "^5.2.0",
      "msw": "^0.42.1",
      "npm-run-all": "^4.1.5",
      "postcss": "^8.4.14",
      "prettier": "2.6.2",
      "prettier-plugin-tailwindcss": "^0.1.11",
      "prisma": "^4.0.0",
      "start-server-and-test": "^1.14.0",
      "tailwindcss": "^3.1.0",
      "ts-node": "^10.8.1",
      "tsconfig-paths": "^4.0.0",
      "typescript": "^4.7.3",
      "vite": "^2.9.10",
      "vite-tsconfig-paths": "^3.5.0",
      "vitest": "^0.14.1"
    },
    "engines": {
      "node": ">=14"
    },
    "prisma": {
      "seed": "node --require tsconfig-paths/register prisma/seed.js"
    }
  }

yarn manifest: 
  No manifest

Lockfile: 
  No lockfile
